app/build/intermediates/manifest_merge_blame_file/debug/manifest-merger-blame-debug-report.txt
1<?xml version="1.0" encoding="utf-8"?>
2<manifest xmlns:android="http://schemas.android.com/apk/res/android"
3    package="com.example.beatsellingapp"
4    android:versionCode="1"
5    android:versionName="1.0" >
6
7    <uses-sdk
8        android:minSdkVersion="15"
8-->src\main\AndroidManifest.xml
9        android:targetSdkVersion="29" />
9-->src\main\AndroidManifest.xml
10
11    <application
11-->src\main\AndroidManifest.xml:5:5-27:19
12        android:allowBackup="true"
12-->src\main\AndroidManifest.xml:6:9-35
13        android:appComponentFactory="androidx.core.app.CoreComponentFactory"
13-->[androidx.core:core:1.1.0] AndroidManifest.xml:24:18-86
14        android:debuggable="true"
15        android:hardwareAccelerated="false"
15-->src\main\AndroidManifest.xml:12:9-44
16        android:icon="@mipmap/ic_launcher"
16-->src\main\AndroidManifest.xml:7:9-43
17        android:label="@string/app_name"
17-->src\main\AndroidManifest.xml:8:9-41
18        android:roundIcon="@mipmap/ic_launcher_round"
18-->src\main\AndroidManifest.xml:9:9-54
19        android:supportsRtl="true"
19-->src\main\AndroidManifest.xml:10:9-35
20        android:testOnly="true"
21        android:theme="@style/AppTheme" >
21-->src\main\AndroidManifest.xml:11:9-40
22        <activity
22-->src\main\AndroidManifest.xml:13:9-14:75
23            android:name="com.example.beatsellingapp.HomeActivity"
23-->src\main\AndroidManifest.xml:13:19-47
24            android:theme="@style/Theme.AppCompat.NoActionBar" />
24-->src\main\AndroidManifest.xml:14:13-63
25        <activity
25-->src\main\AndroidManifest.xml:15:9-17:15
26            android:name="com.example.beatsellingapp.LoginActivity"
26-->src\main\AndroidManifest.xml:15:19-48
27            android:theme="@style/Theme.AppCompat.NoActionBar" />
27-->src\main\AndroidManifest.xml:16:13-63
28        <activity
28-->src\main\AndroidManifest.xml:18:9-26:20
29            android:name="com.example.beatsellingapp.MainActivity"
29-->src\main\AndroidManifest.xml:18:19-47
30            android:theme="@style/Theme.AppCompat.NoActionBar" >
30-->src\main\AndroidManifest.xml:19:13-63
31            <intent-filter>
31-->src\main\AndroidManifest.xml:20:13-25:29
32                <action android:name="android.intent.action.MAIN" />
32-->src\main\AndroidManifest.xml:22:17-69
32-->src\main\AndroidManifest.xml:22:25-66
33
34                <category android:name="android.intent.category.LAUNCHER" />
34-->src\main\AndroidManifest.xml:24:17-77
34-->src\main\AndroidManifest.xml:24:27-74
35            </intent-filter>
36        </activity>
37    </application>
38
39</manifest>